[35m[Appium][39m Welcome to Appium v1.8.1
[35m[Appium][39m Non-default server args:
[35m[Appium][39m   port: 54455
[35m[Appium][39m   loglevel: info
[35m[Appium][39m   chromeDriverPort: 54456
[35m[Appium][39m   tmpDir: C:\Users\IT181102\AppData\Local\Temp\\Katalon\Appium\Temp1569082739070
[35m[Appium][39m Appium REST http interface listener started on 0.0.0.0:54455
[35m[HTTP][39m [37m-->[39m [37mGET[39m [37m/wd/hub/status[39m
[35m[HTTP][39m [90m{}[39m
[35m[HTTP][39m [37m<-- GET /wd/hub/status [39m[32m200[39m [90m32 ms - 83[39m
[35m[HTTP][39m [90m[39m
[35m[HTTP][39m [37m-->[39m [37mGET[39m [37m/wd/hub/status[39m
[35m[HTTP][39m [90m{}[39m
[35m[HTTP][39m [37m<-- GET /wd/hub/status [39m[32m200[39m [90m41 ms - 83[39m
[35m[HTTP][39m [90m[39m
[35m[HTTP][39m [37m-->[39m [37mPOST[39m [37m/wd/hub/session[39m
[35m[HTTP][39m [90m{"desiredCapabilities":{"app":"C:\\Users\\IT181102\\Downloads\\APK-Demo\\id.co.myhomecredit_2019-09-18.apk","autoGrantPermissions":true,"automationName":"uiautomator2","deviceName":"samsung SM-A605G (Android 9)","fullReset":false,"newCommandTimeout":1800,"noReset":true,"platform":"ANDROID","platformName":"Android","udid":"74e19038"},"capabilities":{"desiredCapabilities":{"app":"C:\\Users\\IT181102\\Downloads\\APK-Demo\\id.co.myhomecredit_2019-09-18.apk","autoGrantPermissions":true,"automationName":"uiautomator2","deviceName":"samsung SM-A605G (Android 9)","fullReset":false,"newCommandTimeout":1800,"noReset":true,"platform":"ANDROID","platformName":"Android","udid":"74e19038"},"firstMatch":[{"platformName":"android"}]}}[39m
[35m[Appium][39m Could not parse W3C capabilities: 'deviceName' can't be blank. Falling back to JSONWP protocol.
[35m[Appium][39m The following capabilities were provided in the JSONWP desired capabilities that are missing in W3C capabilities: ["app","autoGrantPermissions","automationName","deviceName","fullReset","newCommandTimeout","noReset","platform","platformName","udid"]. Falling back to JSONWP protocol.
[35m[Appium][39m Creating new AndroidUiautomator2Driver (v1.12.0) session
[35m[Appium][39m Capabilities:
[35m[Appium][39m   app: C:\Users\IT181102\Downloads\APK-Demo\id.co.myhomecredit_2019-09-18.apk
[35m[Appium][39m   autoGrantPermissions: true
[35m[Appium][39m   automationName: uiautomator2
[35m[Appium][39m   deviceName: samsung SM-A605G (Android 9)
[35m[Appium][39m   fullReset: false
[35m[Appium][39m   newCommandTimeout: 1800
[35m[Appium][39m   noReset: true
[35m[Appium][39m   platform: ANDROID
[35m[Appium][39m   platformName: Android
[35m[Appium][39m   udid: 74e19038
[35m[BaseDriver][39m The following capabilities were provided, but are not recognized by appium: platform.
[35m[BaseDriver][39m Session created with session id: 35948580-1135-4657-a646-cf7e3dbf2619
[35m[BaseDriver][39m Using local app 'C:\Users\IT181102\Downloads\APK-Demo\id.co.myhomecredit_2019-09-18.apk'
[35m[AndroidDriver][39m Java version is: 1.8.0_181
[35m[ADB][39m Checking whether adb is present
[35m[ADB][39m Found 1 'build-tools' folders under 'C:\Users\IT181102\.katalon\tools\android_sdk' (newest first):
[35m[ADB][39m     C:/Users/IT181102/.katalon/tools/android_sdk/build-tools/28.0.3
[35m[ADB][39m Using adb.exe from C:\Users\IT181102\.katalon\tools\android_sdk\platform-tools\adb.exe
[35m[AndroidDriver][39m Retrieving device list
[35m[AndroidDriver][39m Using device: 74e19038
[35m[ADB][39m Using the alternative activity name detection method because of: Could not find apkanalyzer.bat in C:\Users\IT181102\.katalon\tools\android_sdk\platform-tools\apkanalyzer.bat,C:\Users\IT181102\.katalon\tools\android_sdk\emulator\apkanalyzer.bat,C:\Users\IT181102\.katalon\tools\android_sdk\tools\apkanalyzer.bat,C:\Users\IT181102\.katalon\tools\android_sdk\tools\bin\apkanalyzer.bat,C:\Users\IT181102\.katalon\tools\android_sdk\build-tools\28.0.3\apkanalyzer.bat. Do you have the Android SDK installed at 'C:\Users\IT181102\.katalon\tools\android_sdk'?
[35m[ADB][39m Checking whether aapt is present
[35m[ADB][39m Using aapt.exe from C:\Users\IT181102\.katalon\tools\android_sdk\build-tools\28.0.3\aapt.exe
[35m[ADB][39m Extracting package and launch activity from manifest
[35m[ADB][39m Package name: 'id.co.myhomecredit'
[35m[ADB][39m Main activity name: 'id.co.homecredit.v2.launcherpage.SplashScreenActivity'
[35m[ADB][39m Getting device platform version
[35m[ADB][39m Using apksigner.bat from C:\Users\IT181102\.katalon\tools\android_sdk\build-tools\28.0.3\apksigner.bat
[35m[ADB][39m Checking whether zipalign is present
[35m[ADB][39m Using zipalign.exe from C:\Users\IT181102\.katalon\tools\android_sdk\build-tools\28.0.3\zipalign.exe
[35m[ADB][39m io.appium.uiautomator2.server was successfully uninstalled
[35m[ADB][39m io.appium.uiautomator2.server.test was successfully uninstalled
[35m[AndroidDriver][39m setDeviceLanguageCountry requires language or country.
[35m[AndroidDriver][39m Got language: 'null' and country: 'null'
[35m[ADB][39m Successfully extracted 1846 strings from 'C:\Users\IT181102\Downloads\APK-Demo\id.co.myhomecredit_2019-09-18.apk' resources for '(default)' configuration
[35m[UiAutomator2][39m Starting uiautomator2 server 1.12.0
[35m[UiAutomator2][39m Using UIAutomator2 server from 'C:\Users\IT181102\AppData\Roaming\npm\node_modules\appium\node_modules\appium-uiautomator2-server\apks\appium-uiautomator2-server-v1.12.0.apk' and test from 'C:\Users\IT181102\AppData\Roaming\npm\node_modules\appium\node_modules\appium-uiautomator2-server\apks\appium-uiautomator2-server-debug-androidTest.apk'
[35m[UiAutomator2][39m Running command: 'adb -s 74e19038 shell am instrument -w io.appium.uiautomator2.server.test/android.support.test.runner.AndroidJUnitRunner'
[35m[UiAutomator2][39m Waiting up to 20000ms for UiAutomator2 to be online...
[35m[AndroidDriver][39m Screen already unlocked, doing nothing
[35m[UiAutomator2][39m UiAutomator2 did not start the activity we were waiting for, 'id.co.myhomecredit/id.co.homecredit.v2.launcherpage.SplashScreenActivity'. Starting it ourselves
[35m[Appium][39m New AndroidUiautomator2Driver session created successfully, session 35948580-1135-4657-a646-cf7e3dbf2619 added to master session list
[35m[HTTP][39m [37m<-- POST /wd/hub/session [39m[32m200[39m [90m20739 ms - 1173[39m
[35m[HTTP][39m [90m[39m
[35m[HTTP][39m [37m-->[39m [37mGET[39m [37m/wd/hub/status[39m
[35m[HTTP][39m [90m{}[39m
[35m[HTTP][39m [37m<-- GET /wd/hub/status [39m[32m200[39m [90m57 ms - 55[39m
[35m[HTTP][39m [90m[39m
[35m[HTTP][39m [37m-->[39m [37mPOST[39m [37m/wd/hub/session/35948580-1135-4657-a646-cf7e3dbf2619/timeouts[39m
[35m[HTTP][39m [90m{"type":"implicit","ms":60000}[39m
[35m[HTTP][39m [37m<-- POST /wd/hub/session/35948580-1135-4657-a646-cf7e3dbf2619/timeouts [39m[33m400[39m [90m30 ms - 5300[39m
[35m[HTTP][39m [90m[39m
[35m[HTTP][39m [37m-->[39m [37mGET[39m [37m/wd/hub/session/35948580-1135-4657-a646-cf7e3dbf2619/source[39m
[35m[HTTP][39m [90m{}[39m
[35m[W3C][39m Driver proxy active, passing request on via HTTP proxy
[35m[JSONWP Proxy][39m Replacing sessionId 6b70859e-5978-45f1-aabb-09dbbd3c9fc8 with 35948580-1135-4657-a646-cf7e3dbf2619
[35m[HTTP][39m [37m<-- GET /wd/hub/session/35948580-1135-4657-a646-cf7e3dbf2619/source [39m[32m200[39m [90m594 ms - 2752[39m
[35m[HTTP][39m [90m[39m
[35m[HTTP][39m [37m-->[39m [37mGET[39m [37m/wd/hub/session/35948580-1135-4657-a646-cf7e3dbf2619/screenshot[39m
[35m[HTTP][39m [90m{}[39m
[35m[HTTP][39m [37m<-- GET /wd/hub/session/35948580-1135-4657-a646-cf7e3dbf2619/screenshot [39m[32m200[39m [90m1508 ms - 51186[39m
[35m[HTTP][39m [90m[39m
[35m[HTTP][39m [37m-->[39m [37mGET[39m [37m/wd/hub/session/35948580-1135-4657-a646-cf7e3dbf2619/source[39m
[35m[HTTP][39m [90m{}[39m
[35m[W3C][39m Driver proxy active, passing request on via HTTP proxy
[35m[JSONWP Proxy][39m Replacing sessionId 6b70859e-5978-45f1-aabb-09dbbd3c9fc8 with 35948580-1135-4657-a646-cf7e3dbf2619
[35m[HTTP][39m [37m<-- GET /wd/hub/session/35948580-1135-4657-a646-cf7e3dbf2619/source [39m[32m200[39m [90m328 ms - 8304[39m
[35m[HTTP][39m [90m[39m
[35m[HTTP][39m [37m-->[39m [37mGET[39m [37m/wd/hub/session/35948580-1135-4657-a646-cf7e3dbf2619/screenshot[39m
[35m[HTTP][39m [90m{}[39m
[35m[HTTP][39m [37m<-- GET /wd/hub/session/35948580-1135-4657-a646-cf7e3dbf2619/screenshot [39m[32m200[39m [90m753 ms - 226972[39m
[35m[HTTP][39m [90m[39m
[35m[HTTP][39m [37m-->[39m [37mGET[39m [37m/wd/hub/session/35948580-1135-4657-a646-cf7e3dbf2619/window/current/size[39m
[35m[HTTP][39m [90m{}[39m
[35m[W3C][39m Driver proxy active, passing request on via HTTP proxy
[35m[JSONWP Proxy][39m Replacing sessionId 6b70859e-5978-45f1-aabb-09dbbd3c9fc8 with 35948580-1135-4657-a646-cf7e3dbf2619
[35m[HTTP][39m [37m<-- GET /wd/hub/session/35948580-1135-4657-a646-cf7e3dbf2619/window/current/size [39m[32m200[39m [90m52 ms - 100[39m
[35m[HTTP][39m [90m[39m
[35m[HTTP][39m [37m-->[39m [37mPOST[39m [37m/wd/hub/session/35948580-1135-4657-a646-cf7e3dbf2619/elements[39m
[35m[HTTP][39m [90m{"using":"xpath","value":"//hierarchy/android.widget.FrameLayout[1]/android.widget.LinearLayout[1]/android.widget.FrameLayout[1]/android.widget.LinearLayout[1]/android.widget.FrameLayout[1]/android.widget.LinearLayout[1]/android.widget.RelativeLayout[1]/android.widget.TextView[1]"}[39m
[35m[HTTP][39m [37m<-- POST /wd/hub/session/35948580-1135-4657-a646-cf7e3dbf2619/elements [39m[32m200[39m [90m211 ms - 124[39m
[35m[HTTP][39m [90m[39m
[35m[HTTP][39m [37m-->[39m [37mGET[39m [37m/wd/hub/session/35948580-1135-4657-a646-cf7e3dbf2619[39m
[35m[HTTP][39m [90m{}[39m
[35m[HTTP][39m [37m<-- GET /wd/hub/session/35948580-1135-4657-a646-cf7e3dbf2619 [39m[32m200[39m [90m28 ms - 1173[39m
[35m[HTTP][39m [90m[39m
[35m[HTTP][39m [37m-->[39m [37mGET[39m [37m/wd/hub/session/35948580-1135-4657-a646-cf7e3dbf2619[39m
[35m[HTTP][39m [90m{}[39m
[35m[HTTP][39m [37m<-- GET /wd/hub/session/35948580-1135-4657-a646-cf7e3dbf2619 [39m[32m200[39m [90m28 ms - 1173[39m
[35m[HTTP][39m [90m[39m
[35m[HTTP][39m [37m-->[39m [37mGET[39m [37m/wd/hub/session/35948580-1135-4657-a646-cf7e3dbf2619[39m
[35m[HTTP][39m [90m{}[39m
[35m[HTTP][39m [37m<-- GET /wd/hub/session/35948580-1135-4657-a646-cf7e3dbf2619 [39m[32m200[39m [90m31 ms - 1173[39m
[35m[HTTP][39m [90m[39m
[35m[HTTP][39m [37m-->[39m [37mGET[39m [37m/wd/hub/session/35948580-1135-4657-a646-cf7e3dbf2619[39m
[35m[HTTP][39m [90m{}[39m
[35m[HTTP][39m [37m<-- GET /wd/hub/session/35948580-1135-4657-a646-cf7e3dbf2619 [39m[32m200[39m [90m43 ms - 1173[39m
[35m[HTTP][39m [90m[39m
[35m[HTTP][39m [37m-->[39m [37mGET[39m [37m/wd/hub/session/35948580-1135-4657-a646-cf7e3dbf2619/element/e5c3dd02-7e06-4744-8b48-30709b9d23c8/location[39m
[35m[HTTP][39m [90m{}[39m
[35m[W3C][39m Driver proxy active, passing request on via HTTP proxy
[35m[JSONWP Proxy][39m Replacing sessionId 6b70859e-5978-45f1-aabb-09dbbd3c9fc8 with 35948580-1135-4657-a646-cf7e3dbf2619
[35m[HTTP][39m [37m<-- GET /wd/hub/session/35948580-1135-4657-a646-cf7e3dbf2619/element/e5c3dd02-7e06-4744-8b48-30709b9d23c8/location [39m[32m200[39m [90m51 ms - 88[39m
[35m[HTTP][39m [90m[39m
[35m[HTTP][39m [37m-->[39m [37mPOST[39m [37m/wd/hub/session/35948580-1135-4657-a646-cf7e3dbf2619/touch/perform[39m
[35m[HTTP][39m [90m{"actions":[{"action":"tap","options":{"element":"e5c3dd02-7e06-4744-8b48-30709b9d23c8","x":1,"y":1}}]}[39m
[35m[UiAutomator2][39m calling get location: e5c3dd02-7e06-4744-8b48-30709b9d23c8
[35m[HTTP][39m [37m<-- POST /wd/hub/session/35948580-1135-4657-a646-cf7e3dbf2619/touch/perform [39m[32m200[39m [90m133 ms - 76[39m
[35m[HTTP][39m [90m[39m
[35m[HTTP][39m [37m-->[39m [37mGET[39m [37m/wd/hub/session/35948580-1135-4657-a646-cf7e3dbf2619/source[39m
[35m[HTTP][39m [90m{}[39m
[35m[W3C][39m Driver proxy active, passing request on via HTTP proxy
[35m[JSONWP Proxy][39m Replacing sessionId 6b70859e-5978-45f1-aabb-09dbbd3c9fc8 with 35948580-1135-4657-a646-cf7e3dbf2619
[35m[HTTP][39m [37m<-- GET /wd/hub/session/35948580-1135-4657-a646-cf7e3dbf2619/source [39m[32m200[39m [90m411 ms - 10550[39m
[35m[HTTP][39m [90m[39m
[35m[HTTP][39m [37m-->[39m [37mGET[39m [37m/wd/hub/session/35948580-1135-4657-a646-cf7e3dbf2619/screenshot[39m
[35m[HTTP][39m [90m{}[39m
[35m[HTTP][39m [37m<-- GET /wd/hub/session/35948580-1135-4657-a646-cf7e3dbf2619/screenshot [39m[32m200[39m [90m610 ms - 91372[39m
[35m[HTTP][39m [90m[39m
[35m[HTTP][39m [37m-->[39m [37mGET[39m [37m/wd/hub/session/35948580-1135-4657-a646-cf7e3dbf2619/window/current/size[39m
[35m[HTTP][39m [90m{}[39m
[35m[W3C][39m Driver proxy active, passing request on via HTTP proxy
[35m[JSONWP Proxy][39m Replacing sessionId 6b70859e-5978-45f1-aabb-09dbbd3c9fc8 with 35948580-1135-4657-a646-cf7e3dbf2619
[35m[HTTP][39m [37m<-- GET /wd/hub/session/35948580-1135-4657-a646-cf7e3dbf2619/window/current/size [39m[32m200[39m [90m55 ms - 100[39m
[35m[HTTP][39m [90m[39m
[35m[HTTP][39m [37m-->[39m [37mPOST[39m [37m/wd/hub/session/35948580-1135-4657-a646-cf7e3dbf2619/elements[39m
[35m[HTTP][39m [90m{"using":"xpath","value":"//hierarchy/android.widget.FrameLayout[1]/android.widget.LinearLayout[1]/android.widget.FrameLayout[1]/android.widget.LinearLayout[1]/android.widget.FrameLayout[1]/android.widget.LinearLayout[1]/android.widget.FrameLayout[1]/android.widget.LinearLayout[1]/android.widget.RelativeLayout[1]/android.widget.LinearLayout[1]/android.widget.LinearLayout[1]/android.widget.EditText[1]"}[39m
[35m[HTTP][39m [37m<-- POST /wd/hub/session/35948580-1135-4657-a646-cf7e3dbf2619/elements [39m[32m200[39m [90m174 ms - 124[39m
[35m[HTTP][39m [90m[39m
[35m[HTTP][39m [37m-->[39m [37mGET[39m [37m/wd/hub/session/35948580-1135-4657-a646-cf7e3dbf2619[39m
[35m[HTTP][39m [90m{}[39m
[35m[HTTP][39m [37m<-- GET /wd/hub/session/35948580-1135-4657-a646-cf7e3dbf2619 [39m[32m200[39m [90m29 ms - 1173[39m
[35m[HTTP][39m [90m[39m
[35m[HTTP][39m [37m-->[39m [37mGET[39m [37m/wd/hub/session/35948580-1135-4657-a646-cf7e3dbf2619[39m
[35m[HTTP][39m [90m{}[39m
[35m[HTTP][39m [37m<-- GET /wd/hub/session/35948580-1135-4657-a646-cf7e3dbf2619 [39m[32m200[39m [90m33 ms - 1173[39m
[35m[HTTP][39m [90m[39m
[35m[HTTP][39m [37m-->[39m [37mGET[39m [37m/wd/hub/session/35948580-1135-4657-a646-cf7e3dbf2619[39m
[35m[HTTP][39m [90m{}[39m
[35m[HTTP][39m [37m<-- GET /wd/hub/session/35948580-1135-4657-a646-cf7e3dbf2619 [39m[32m200[39m [90m36 ms - 1173[39m
[35m[HTTP][39m [90m[39m
[35m[HTTP][39m [37m-->[39m [37mGET[39m [37m/wd/hub/session/35948580-1135-4657-a646-cf7e3dbf2619[39m
[35m[HTTP][39m [90m{}[39m
[35m[HTTP][39m [37m<-- GET /wd/hub/session/35948580-1135-4657-a646-cf7e3dbf2619 [39m[32m200[39m [90m30 ms - 1173[39m
[35m[HTTP][39m [90m[39m
[35m[HTTP][39m [37m-->[39m [37mGET[39m [37m/wd/hub/session/35948580-1135-4657-a646-cf7e3dbf2619/element/5583ec6b-35e1-4eb9-868d-b3e4a2a1aadd/location[39m
[35m[HTTP][39m [90m{}[39m
[35m[W3C][39m Driver proxy active, passing request on via HTTP proxy
[35m[JSONWP Proxy][39m Replacing sessionId 6b70859e-5978-45f1-aabb-09dbbd3c9fc8 with 35948580-1135-4657-a646-cf7e3dbf2619
[35m[HTTP][39m [37m<-- GET /wd/hub/session/35948580-1135-4657-a646-cf7e3dbf2619/element/5583ec6b-35e1-4eb9-868d-b3e4a2a1aadd/location [39m[32m200[39m [90m42 ms - 89[39m
[35m[HTTP][39m [90m[39m
[35m[HTTP][39m [37m-->[39m [37mPOST[39m [37m/wd/hub/session/35948580-1135-4657-a646-cf7e3dbf2619/element/5583ec6b-35e1-4eb9-868d-b3e4a2a1aadd/clear[39m
[35m[HTTP][39m [90m{"id":"5583ec6b-35e1-4eb9-868d-b3e4a2a1aadd"}[39m
[35m[HTTP][39m [37m<-- POST /wd/hub/session/35948580-1135-4657-a646-cf7e3dbf2619/element/5583ec6b-35e1-4eb9-868d-b3e4a2a1aadd/clear [39m[32m200[39m [90m68 ms - 89[39m
[35m[HTTP][39m [90m[39m
[35m[HTTP][39m [37m-->[39m [37mPOST[39m [37m/wd/hub/session/35948580-1135-4657-a646-cf7e3dbf2619/element/5583ec6b-35e1-4eb9-868d-b3e4a2a1aadd/value[39m
[35m[HTTP][39m [90m{"id":"5583ec6b-35e1-4eb9-868d-b3e4a2a1aadd","value":["085885106710"]}[39m
[35m[HTTP][39m [37m<-- POST /wd/hub/session/35948580-1135-4657-a646-cf7e3dbf2619/element/5583ec6b-35e1-4eb9-868d-b3e4a2a1aadd/value [39m[32m200[39m [90m1075 ms - 74[39m
[35m[HTTP][39m [90m[39m
[35m[HTTP][39m [37m-->[39m [37mGET[39m [37m/wd/hub/session/35948580-1135-4657-a646-cf7e3dbf2619/source[39m
[35m[HTTP][39m [90m{}[39m
[35m[W3C][39m Driver proxy active, passing request on via HTTP proxy
[35m[JSONWP Proxy][39m Replacing sessionId 6b70859e-5978-45f1-aabb-09dbbd3c9fc8 with 35948580-1135-4657-a646-cf7e3dbf2619
[35m[HTTP][39m [37m<-- GET /wd/hub/session/35948580-1135-4657-a646-cf7e3dbf2619/source [39m[32m200[39m [90m207 ms - 10535[39m
[35m[HTTP][39m [90m[39m
[35m[HTTP][39m [37m-->[39m [37mGET[39m [37m/wd/hub/session/35948580-1135-4657-a646-cf7e3dbf2619/screenshot[39m
[35m[HTTP][39m [90m{}[39m
[35m[HTTP][39m [37m<-- GET /wd/hub/session/35948580-1135-4657-a646-cf7e3dbf2619/screenshot [39m[32m200[39m [90m606 ms - 88162[39m
[35m[HTTP][39m [90m[39m
[35m[HTTP][39m [37m-->[39m [37mGET[39m [37m/wd/hub/session/35948580-1135-4657-a646-cf7e3dbf2619/window/current/size[39m
[35m[HTTP][39m [90m{}[39m
[35m[W3C][39m Driver proxy active, passing request on via HTTP proxy
[35m[JSONWP Proxy][39m Replacing sessionId 6b70859e-5978-45f1-aabb-09dbbd3c9fc8 with 35948580-1135-4657-a646-cf7e3dbf2619
[35m[HTTP][39m [37m<-- GET /wd/hub/session/35948580-1135-4657-a646-cf7e3dbf2619/window/current/size [39m[32m200[39m [90m47 ms - 100[39m
[35m[HTTP][39m [90m[39m
[35m[HTTP][39m [37m-->[39m [37mPOST[39m [37m/wd/hub/session/35948580-1135-4657-a646-cf7e3dbf2619/elements[39m
[35m[HTTP][39m [90m{"using":"xpath","value":"//hierarchy/android.widget.FrameLayout[1]/android.widget.LinearLayout[1]/android.widget.FrameLayout[1]/android.widget.LinearLayout[1]/android.widget.FrameLayout[1]/android.widget.LinearLayout[1]/android.widget.FrameLayout[1]/android.widget.LinearLayout[1]/android.widget.RelativeLayout[1]/android.widget.LinearLayout[1]/android.widget.LinearLayout[1]/android.widget.EditText[1]"}[39m
[35m[HTTP][39m [37m<-- POST /wd/hub/session/35948580-1135-4657-a646-cf7e3dbf2619/elements [39m[32m200[39m [90m153 ms - 124[39m
[35m[HTTP][39m [90m[39m
[35m[HTTP][39m [37m-->[39m [37mGET[39m [37m/wd/hub/session/35948580-1135-4657-a646-cf7e3dbf2619[39m
[35m[HTTP][39m [90m{}[39m
[35m[HTTP][39m [37m<-- GET /wd/hub/session/35948580-1135-4657-a646-cf7e3dbf2619 [39m[32m200[39m [90m25 ms - 1173[39m
[35m[HTTP][39m [90m[39m
[35m[HTTP][39m [37m-->[39m [37mGET[39m [37m/wd/hub/session/35948580-1135-4657-a646-cf7e3dbf2619[39m
[35m[HTTP][39m [90m{}[39m
[35m[HTTP][39m [37m<-- GET /wd/hub/session/35948580-1135-4657-a646-cf7e3dbf2619 [39m[32m200[39m [90m33 ms - 1173[39m
[35m[HTTP][39m [90m[39m
[35m[HTTP][39m [37m-->[39m [37mGET[39m [37m/wd/hub/session/35948580-1135-4657-a646-cf7e3dbf2619[39m
[35m[HTTP][39m [90m{}[39m
[35m[HTTP][39m [37m<-- GET /wd/hub/session/35948580-1135-4657-a646-cf7e3dbf2619 [39m[32m200[39m [90m38 ms - 1173[39m
[35m[HTTP][39m [90m[39m
[35m[HTTP][39m [37m-->[39m [37mGET[39m [37m/wd/hub/session/35948580-1135-4657-a646-cf7e3dbf2619[39m
[35m[HTTP][39m [90m{}[39m
[35m[HTTP][39m [37m<-- GET /wd/hub/session/35948580-1135-4657-a646-cf7e3dbf2619 [39m[32m200[39m [90m35 ms - 1173[39m
[35m[HTTP][39m [90m[39m
[35m[HTTP][39m [37m-->[39m [37mGET[39m [37m/wd/hub/session/35948580-1135-4657-a646-cf7e3dbf2619/element/f98c4222-40f7-48b2-933f-4c0e41a5515c/location[39m
[35m[HTTP][39m [90m{}[39m
[35m[W3C][39m Driver proxy active, passing request on via HTTP proxy
[35m[JSONWP Proxy][39m Replacing sessionId 6b70859e-5978-45f1-aabb-09dbbd3c9fc8 with 35948580-1135-4657-a646-cf7e3dbf2619
[35m[HTTP][39m [37m<-- GET /wd/hub/session/35948580-1135-4657-a646-cf7e3dbf2619/element/f98c4222-40f7-48b2-933f-4c0e41a5515c/location [39m[32m200[39m [90m48 ms - 89[39m
[35m[HTTP][39m [90m[39m
[35m[HTTP][39m [37m-->[39m [37mPOST[39m [37m/wd/hub/session/35948580-1135-4657-a646-cf7e3dbf2619/element/f98c4222-40f7-48b2-933f-4c0e41a5515c/clear[39m
[35m[HTTP][39m [90m{"id":"f98c4222-40f7-48b2-933f-4c0e41a5515c"}[39m
[35m[HTTP][39m [37m<-- POST /wd/hub/session/35948580-1135-4657-a646-cf7e3dbf2619/element/f98c4222-40f7-48b2-933f-4c0e41a5515c/clear [39m[32m200[39m [90m47 ms - 89[39m
[35m[HTTP][39m [90m[39m
[35m[HTTP][39m [37m-->[39m [37mPOST[39m [37m/wd/hub/session/35948580-1135-4657-a646-cf7e3dbf2619/element/f98c4222-40f7-48b2-933f-4c0e41a5515c/value[39m
[35m[HTTP][39m [90m{"id":"f98c4222-40f7-48b2-933f-4c0e41a5515c","value":["85885106710"]}[39m
[35m[HTTP][39m [37m<-- POST /wd/hub/session/35948580-1135-4657-a646-cf7e3dbf2619/element/f98c4222-40f7-48b2-933f-4c0e41a5515c/value [39m[32m200[39m [90m1430 ms - 74[39m
[35m[HTTP][39m [90m[39m
[35m[HTTP][39m [37m-->[39m [37mGET[39m [37m/wd/hub/session/35948580-1135-4657-a646-cf7e3dbf2619/source[39m
[35m[HTTP][39m [90m{}[39m
[35m[W3C][39m Driver proxy active, passing request on via HTTP proxy
[35m[JSONWP Proxy][39m Replacing sessionId 6b70859e-5978-45f1-aabb-09dbbd3c9fc8 with 35948580-1135-4657-a646-cf7e3dbf2619
[35m[HTTP][39m [37m<-- GET /wd/hub/session/35948580-1135-4657-a646-cf7e3dbf2619/source [39m[32m200[39m [90m193 ms - 10534[39m
[35m[HTTP][39m [90m[39m
[35m[HTTP][39m [37m-->[39m [37mGET[39m [37m/wd/hub/session/35948580-1135-4657-a646-cf7e3dbf2619/screenshot[39m
[35m[HTTP][39m [90m{}[39m
[35m[HTTP][39m [37m<-- GET /wd/hub/session/35948580-1135-4657-a646-cf7e3dbf2619/screenshot [39m[32m200[39m [90m615 ms - 88100[39m
[35m[HTTP][39m [90m[39m
[35m[HTTP][39m [37m-->[39m [37mGET[39m [37m/wd/hub/session/35948580-1135-4657-a646-cf7e3dbf2619/window/current/size[39m
[35m[HTTP][39m [90m{}[39m
[35m[W3C][39m Driver proxy active, passing request on via HTTP proxy
[35m[JSONWP Proxy][39m Replacing sessionId 6b70859e-5978-45f1-aabb-09dbbd3c9fc8 with 35948580-1135-4657-a646-cf7e3dbf2619
[35m[HTTP][39m [37m<-- GET /wd/hub/session/35948580-1135-4657-a646-cf7e3dbf2619/window/current/size [39m[32m200[39m [90m50 ms - 100[39m
[35m[HTTP][39m [90m[39m
[35m[HTTP][39m [37m-->[39m [37mPOST[39m [37m/wd/hub/session/35948580-1135-4657-a646-cf7e3dbf2619/elements[39m
[35m[HTTP][39m [90m{"using":"xpath","value":"//hierarchy/android.widget.FrameLayout[1]/android.widget.LinearLayout[1]/android.widget.FrameLayout[1]/android.widget.LinearLayout[1]/android.widget.FrameLayout[1]/android.widget.LinearLayout[1]/android.widget.FrameLayout[1]/android.widget.LinearLayout[1]/android.widget.RelativeLayout[1]/android.widget.LinearLayout[1]/android.widget.EditText[1]"}[39m
[35m[HTTP][39m [37m<-- POST /wd/hub/session/35948580-1135-4657-a646-cf7e3dbf2619/elements [39m[32m200[39m [90m133 ms - 124[39m
[35m[HTTP][39m [90m[39m
[35m[HTTP][39m [37m-->[39m [37mGET[39m [37m/wd/hub/session/35948580-1135-4657-a646-cf7e3dbf2619[39m
[35m[HTTP][39m [90m{}[39m
[35m[HTTP][39m [37m<-- GET /wd/hub/session/35948580-1135-4657-a646-cf7e3dbf2619 [39m[32m200[39m [90m25 ms - 1173[39m
[35m[HTTP][39m [90m[39m
[35m[HTTP][39m [37m-->[39m [37mGET[39m [37m/wd/hub/session/35948580-1135-4657-a646-cf7e3dbf2619[39m
[35m[HTTP][39m [90m{}[39m
[35m[HTTP][39m [37m<-- GET /wd/hub/session/35948580-1135-4657-a646-cf7e3dbf2619 [39m[32m200[39m [90m34 ms - 1173[39m
[35m[HTTP][39m [90m[39m
[35m[HTTP][39m [37m-->[39m [37mGET[39m [37m/wd/hub/session/35948580-1135-4657-a646-cf7e3dbf2619[39m
[35m[HTTP][39m [90m{}[39m
[35m[HTTP][39m [37m<-- GET /wd/hub/session/35948580-1135-4657-a646-cf7e3dbf2619 [39m[32m200[39m [90m34 ms - 1173[39m
[35m[HTTP][39m [90m[39m
[35m[HTTP][39m [37m-->[39m [37mGET[39m [37m/wd/hub/session/35948580-1135-4657-a646-cf7e3dbf2619[39m
[35m[HTTP][39m [90m{}[39m
[35m[HTTP][39m [37m<-- GET /wd/hub/session/35948580-1135-4657-a646-cf7e3dbf2619 [39m[32m200[39m [90m29 ms - 1173[39m
[35m[HTTP][39m [90m[39m
[35m[HTTP][39m [37m-->[39m [37mGET[39m [37m/wd/hub/session/35948580-1135-4657-a646-cf7e3dbf2619/element/497a86f2-a9bd-48ec-8ceb-c8840e5d5fc0/location[39m
[35m[HTTP][39m [90m{}[39m
[35m[W3C][39m Driver proxy active, passing request on via HTTP proxy
[35m[JSONWP Proxy][39m Replacing sessionId 6b70859e-5978-45f1-aabb-09dbbd3c9fc8 with 35948580-1135-4657-a646-cf7e3dbf2619
[35m[HTTP][39m [37m<-- GET /wd/hub/session/35948580-1135-4657-a646-cf7e3dbf2619/element/497a86f2-a9bd-48ec-8ceb-c8840e5d5fc0/location [39m[32m200[39m [90m49 ms - 88[39m
[35m[HTTP][39m [90m[39m
[35m[HTTP][39m [37m-->[39m [37mPOST[39m [37m/wd/hub/session/35948580-1135-4657-a646-cf7e3dbf2619/element/497a86f2-a9bd-48ec-8ceb-c8840e5d5fc0/clear[39m
[35m[HTTP][39m [90m{"id":"497a86f2-a9bd-48ec-8ceb-c8840e5d5fc0"}[39m
[35m[HTTP][39m [37m<-- POST /wd/hub/session/35948580-1135-4657-a646-cf7e3dbf2619/element/497a86f2-a9bd-48ec-8ceb-c8840e5d5fc0/clear [39m[32m200[39m [90m43 ms - 89[39m
[35m[HTTP][39m [90m[39m
[35m[HTTP][39m [37m-->[39m [37mPOST[39m [37m/wd/hub/session/35948580-1135-4657-a646-cf7e3dbf2619/element/497a86f2-a9bd-48ec-8ceb-c8840e5d5fc0/value[39m
[35m[HTTP][39m [90m{"id":"497a86f2-a9bd-48ec-8ceb-c8840e5d5fc0","value":["0104"]}[39m
[35m[HTTP][39m [37m<-- POST /wd/hub/session/35948580-1135-4657-a646-cf7e3dbf2619/element/497a86f2-a9bd-48ec-8ceb-c8840e5d5fc0/value [39m[32m200[39m [90m1086 ms - 74[39m
[35m[HTTP][39m [90m[39m
[35m[HTTP][39m [37m-->[39m [37mGET[39m [37m/wd/hub/session/35948580-1135-4657-a646-cf7e3dbf2619/source[39m
[35m[HTTP][39m [90m{}[39m
[35m[W3C][39m Driver proxy active, passing request on via HTTP proxy
[35m[JSONWP Proxy][39m Replacing sessionId 6b70859e-5978-45f1-aabb-09dbbd3c9fc8 with 35948580-1135-4657-a646-cf7e3dbf2619
[35m[HTTP][39m [37m<-- GET /wd/hub/session/35948580-1135-4657-a646-cf7e3dbf2619/source [39m[32m200[39m [90m184 ms - 10529[39m
[35m[HTTP][39m [90m[39m
[35m[HTTP][39m [37m-->[39m [37mGET[39m [37m/wd/hub/session/35948580-1135-4657-a646-cf7e3dbf2619/screenshot[39m
[35m[HTTP][39m [90m{}[39m
[35m[HTTP][39m [37m<-- GET /wd/hub/session/35948580-1135-4657-a646-cf7e3dbf2619/screenshot [39m[32m200[39m [90m606 ms - 80124[39m
[35m[HTTP][39m [90m[39m
[35m[HTTP][39m [37m-->[39m [37mGET[39m [37m/wd/hub/session/35948580-1135-4657-a646-cf7e3dbf2619/window/current/size[39m
[35m[HTTP][39m [90m{}[39m
[35m[W3C][39m Driver proxy active, passing request on via HTTP proxy
[35m[JSONWP Proxy][39m Replacing sessionId 6b70859e-5978-45f1-aabb-09dbbd3c9fc8 with 35948580-1135-4657-a646-cf7e3dbf2619
[35m[HTTP][39m [37m<-- GET /wd/hub/session/35948580-1135-4657-a646-cf7e3dbf2619/window/current/size [39m[32m200[39m [90m49 ms - 100[39m
[35m[HTTP][39m [90m[39m
[35m[HTTP][39m [37m-->[39m [37mPOST[39m [37m/wd/hub/session/35948580-1135-4657-a646-cf7e3dbf2619/elements[39m
[35m[HTTP][39m [90m{"using":"xpath","value":"//hierarchy/android.widget.FrameLayout[1]/android.widget.LinearLayout[1]/android.widget.FrameLayout[1]/android.widget.LinearLayout[1]/android.widget.FrameLayout[1]/android.widget.LinearLayout[1]/android.widget.FrameLayout[1]/android.widget.LinearLayout[1]/android.widget.RelativeLayout[1]/android.widget.LinearLayout[1]/android.widget.Button[1]"}[39m
[35m[HTTP][39m [37m<-- POST /wd/hub/session/35948580-1135-4657-a646-cf7e3dbf2619/elements [39m[32m200[39m [90m597 ms - 124[39m
[35m[HTTP][39m [90m[39m
[35m[HTTP][39m [37m-->[39m [37mGET[39m [37m/wd/hub/session/35948580-1135-4657-a646-cf7e3dbf2619[39m
[35m[HTTP][39m [90m{}[39m
[35m[HTTP][39m [37m<-- GET /wd/hub/session/35948580-1135-4657-a646-cf7e3dbf2619 [39m[32m200[39m [90m29 ms - 1173[39m
[35m[HTTP][39m [90m[39m
[35m[HTTP][39m [37m-->[39m [37mGET[39m [37m/wd/hub/session/35948580-1135-4657-a646-cf7e3dbf2619[39m
[35m[HTTP][39m [90m{}[39m
[35m[HTTP][39m [37m<-- GET /wd/hub/session/35948580-1135-4657-a646-cf7e3dbf2619 [39m[32m200[39m [90m32 ms - 1173[39m
[35m[HTTP][39m [90m[39m
[35m[HTTP][39m [37m-->[39m [37mGET[39m [37m/wd/hub/session/35948580-1135-4657-a646-cf7e3dbf2619[39m
[35m[HTTP][39m [90m{}[39m
[35m[HTTP][39m [37m<-- GET /wd/hub/session/35948580-1135-4657-a646-cf7e3dbf2619 [39m[32m200[39m [90m34 ms - 1173[39m
[35m[HTTP][39m [90m[39m
[35m[HTTP][39m [37m-->[39m [37mGET[39m [37m/wd/hub/session/35948580-1135-4657-a646-cf7e3dbf2619[39m
[35m[HTTP][39m [90m{}[39m
[35m[HTTP][39m [37m<-- GET /wd/hub/session/35948580-1135-4657-a646-cf7e3dbf2619 [39m[32m200[39m [90m25 ms - 1173[39m
[35m[HTTP][39m [90m[39m
[35m[HTTP][39m [37m-->[39m [37mGET[39m [37m/wd/hub/session/35948580-1135-4657-a646-cf7e3dbf2619/element/25249e90-3e03-4a36-857e-e149b905484b/location[39m
[35m[HTTP][39m [90m{}[39m
[35m[W3C][39m Driver proxy active, passing request on via HTTP proxy
[35m[JSONWP Proxy][39m Replacing sessionId 6b70859e-5978-45f1-aabb-09dbbd3c9fc8 with 35948580-1135-4657-a646-cf7e3dbf2619
[35m[HTTP][39m [37m<-- GET /wd/hub/session/35948580-1135-4657-a646-cf7e3dbf2619/element/25249e90-3e03-4a36-857e-e149b905484b/location [39m[32m200[39m [90m45 ms - 89[39m
[35m[HTTP][39m [90m[39m
[35m[HTTP][39m [37m-->[39m [37mPOST[39m [37m/wd/hub/session/35948580-1135-4657-a646-cf7e3dbf2619/touch/perform[39m
[35m[HTTP][39m [90m{"actions":[{"action":"tap","options":{"element":"25249e90-3e03-4a36-857e-e149b905484b","x":1,"y":1}}]}[39m
[35m[UiAutomator2][39m calling get location: 25249e90-3e03-4a36-857e-e149b905484b
[35m[HTTP][39m [37m<-- POST /wd/hub/session/35948580-1135-4657-a646-cf7e3dbf2619/touch/perform [39m[32m200[39m [90m86 ms - 76[39m
[35m[HTTP][39m [90m[39m
[35m[HTTP][39m [37m-->[39m [37mGET[39m [37m/wd/hub/session/35948580-1135-4657-a646-cf7e3dbf2619/source[39m
[35m[HTTP][39m [90m{}[39m
[35m[W3C][39m Driver proxy active, passing request on via HTTP proxy
[35m[JSONWP Proxy][39m Replacing sessionId 6b70859e-5978-45f1-aabb-09dbbd3c9fc8 with 35948580-1135-4657-a646-cf7e3dbf2619
[35m[HTTP][39m [37m<-- GET /wd/hub/session/35948580-1135-4657-a646-cf7e3dbf2619/source [39m[32m200[39m [90m275 ms - 4496[39m
[35m[HTTP][39m [90m[39m
[35m[HTTP][39m [37m-->[39m [37mGET[39m [37m/wd/hub/session/35948580-1135-4657-a646-cf7e3dbf2619/screenshot[39m
[35m[HTTP][39m [90m{}[39m
[35m[HTTP][39m [37m<-- GET /wd/hub/session/35948580-1135-4657-a646-cf7e3dbf2619/screenshot [39m[32m200[39m [90m680 ms - 85612[39m
[35m[HTTP][39m [90m[39m
[35m[HTTP][39m [37m-->[39m [37mGET[39m [37m/wd/hub/session/35948580-1135-4657-a646-cf7e3dbf2619/source[39m
[35m[HTTP][39m [90m{}[39m
[35m[W3C][39m Driver proxy active, passing request on via HTTP proxy
[35m[JSONWP Proxy][39m Replacing sessionId 6b70859e-5978-45f1-aabb-09dbbd3c9fc8 with 35948580-1135-4657-a646-cf7e3dbf2619
[35m[HTTP][39m [37m<-- GET /wd/hub/session/35948580-1135-4657-a646-cf7e3dbf2619/source [39m[32m200[39m [90m697 ms - 41391[39m
[35m[HTTP][39m [90m[39m
[35m[HTTP][39m [37m-->[39m [37mGET[39m [37m/wd/hub/session/35948580-1135-4657-a646-cf7e3dbf2619/screenshot[39m
[35m[HTTP][39m [90m{}[39m
[35m[HTTP][39m [37m<-- GET /wd/hub/session/35948580-1135-4657-a646-cf7e3dbf2619/screenshot [39m[32m200[39m [90m1082 ms - 670004[39m
[35m[HTTP][39m [90m[39m
[35m[HTTP][39m [37m-->[39m [37mGET[39m [37m/wd/hub/session/35948580-1135-4657-a646-cf7e3dbf2619/window/current/size[39m
[35m[HTTP][39m [90m{}[39m
[35m[W3C][39m Driver proxy active, passing request on via HTTP proxy
[35m[JSONWP Proxy][39m Replacing sessionId 6b70859e-5978-45f1-aabb-09dbbd3c9fc8 with 35948580-1135-4657-a646-cf7e3dbf2619
[35m[HTTP][39m [37m<-- GET /wd/hub/session/35948580-1135-4657-a646-cf7e3dbf2619/window/current/size [39m[32m200[39m [90m36 ms - 100[39m
[35m[HTTP][39m [90m[39m
[35m[HTTP][39m [37m-->[39m [37mPOST[39m [37m/wd/hub/session/35948580-1135-4657-a646-cf7e3dbf2619/elements[39m
[35m[HTTP][39m [90m{"using":"xpath","value":"//hierarchy/android.widget.FrameLayout[1]/android.widget.LinearLayout[1]/android.widget.FrameLayout[1]/android.widget.LinearLayout[1]/android.widget.FrameLayout[1]/android.view.ViewGroup[1]/android.widget.FrameLayout[2]/android.view.ViewGroup[1]/android.widget.ImageView[5]"}[39m
[35m[HTTP][39m [37m<-- POST /wd/hub/session/35948580-1135-4657-a646-cf7e3dbf2619/elements [39m[32m200[39m [90m826 ms - 124[39m
[35m[HTTP][39m [90m[39m
[35m[HTTP][39m [37m-->[39m [37mGET[39m [37m/wd/hub/session/35948580-1135-4657-a646-cf7e3dbf2619[39m
[35m[HTTP][39m [90m{}[39m
[35m[HTTP][39m [37m<-- GET /wd/hub/session/35948580-1135-4657-a646-cf7e3dbf2619 [39m[32m200[39m [90m29 ms - 1173[39m
[35m[HTTP][39m [90m[39m
[35m[HTTP][39m [37m-->[39m [37mGET[39m [37m/wd/hub/session/35948580-1135-4657-a646-cf7e3dbf2619[39m
[35m[HTTP][39m [90m{}[39m
[35m[HTTP][39m [37m<-- GET /wd/hub/session/35948580-1135-4657-a646-cf7e3dbf2619 [39m[32m200[39m [90m33 ms - 1173[39m
[35m[HTTP][39m [90m[39m
[35m[HTTP][39m [37m-->[39m [37mGET[39m [37m/wd/hub/session/35948580-1135-4657-a646-cf7e3dbf2619[39m
[35m[HTTP][39m [90m{}[39m
[35m[HTTP][39m [37m<-- GET /wd/hub/session/35948580-1135-4657-a646-cf7e3dbf2619 [39m[32m200[39m [90m38 ms - 1173[39m
[35m[HTTP][39m [90m[39m
[35m[HTTP][39m [37m-->[39m [37mGET[39m [37m/wd/hub/session/35948580-1135-4657-a646-cf7e3dbf2619[39m
[35m[HTTP][39m [90m{}[39m
[35m[HTTP][39m [37m<-- GET /wd/hub/session/35948580-1135-4657-a646-cf7e3dbf2619 [39m[32m200[39m [90m30 ms - 1173[39m
[35m[HTTP][39m [90m[39m
[35m[HTTP][39m [37m-->[39m [37mGET[39m [37m/wd/hub/session/35948580-1135-4657-a646-cf7e3dbf2619/element/ee767e2d-2cdb-4d6b-bf93-126cb97d50aa/location[39m
[35m[HTTP][39m [90m{}[39m
[35m[W3C][39m Driver proxy active, passing request on via HTTP proxy
[35m[JSONWP Proxy][39m Replacing sessionId 6b70859e-5978-45f1-aabb-09dbbd3c9fc8 with 35948580-1135-4657-a646-cf7e3dbf2619
[35m[HTTP][39m [37m<-- GET /wd/hub/session/35948580-1135-4657-a646-cf7e3dbf2619/element/ee767e2d-2cdb-4d6b-bf93-126cb97d50aa/location [39m[32m200[39m [90m51 ms - 90[39m
[35m[HTTP][39m [90m[39m
[35m[HTTP][39m [37m-->[39m [37mPOST[39m [37m/wd/hub/session/35948580-1135-4657-a646-cf7e3dbf2619/touch/perform[39m
[35m[HTTP][39m [90m{"actions":[{"action":"tap","options":{"element":"ee767e2d-2cdb-4d6b-bf93-126cb97d50aa","x":1,"y":1}}]}[39m
[35m[UiAutomator2][39m calling get location: ee767e2d-2cdb-4d6b-bf93-126cb97d50aa
[35m[HTTP][39m [37m<-- POST /wd/hub/session/35948580-1135-4657-a646-cf7e3dbf2619/touch/perform [39m[32m200[39m [90m92 ms - 76[39m
[35m[HTTP][39m [90m[39m
[35m[HTTP][39m [37m-->[39m [37mGET[39m [37m/wd/hub/session/35948580-1135-4657-a646-cf7e3dbf2619/source[39m
[35m[HTTP][39m [90m{}[39m
[35m[W3C][39m Driver proxy active, passing request on via HTTP proxy
[35m[JSONWP Proxy][39m Replacing sessionId 6b70859e-5978-45f1-aabb-09dbbd3c9fc8 with 35948580-1135-4657-a646-cf7e3dbf2619
[35m[HTTP][39m [37m<-- GET /wd/hub/session/35948580-1135-4657-a646-cf7e3dbf2619/source [39m[32m200[39m [90m714 ms - 33013[39m
[35m[HTTP][39m [90m[39m
[35m[HTTP][39m [37m-->[39m [37mGET[39m [37m/wd/hub/session/35948580-1135-4657-a646-cf7e3dbf2619/screenshot[39m
[35m[HTTP][39m [90m{}[39m
[35m[HTTP][39m [37m<-- GET /wd/hub/session/35948580-1135-4657-a646-cf7e3dbf2619/screenshot [39m[32m200[39m [90m780 ms - 302354[39m
[35m[HTTP][39m [90m[39m
[35m[HTTP][39m [37m-->[39m [37mGET[39m [37m/wd/hub/session/35948580-1135-4657-a646-cf7e3dbf2619/source[39m
[35m[HTTP][39m [90m{}[39m
[35m[W3C][39m Driver proxy active, passing request on via HTTP proxy
[35m[JSONWP Proxy][39m Replacing sessionId 6b70859e-5978-45f1-aabb-09dbbd3c9fc8 with 35948580-1135-4657-a646-cf7e3dbf2619
[35m[HTTP][39m [37m<-- GET /wd/hub/session/35948580-1135-4657-a646-cf7e3dbf2619/source [39m[32m200[39m [90m233 ms - 32427[39m
[35m[HTTP][39m [90m[39m
[35m[HTTP][39m [37m-->[39m [37mGET[39m [37m/wd/hub/session/35948580-1135-4657-a646-cf7e3dbf2619/screenshot[39m
[35m[HTTP][39m [90m{}[39m
[35m[HTTP][39m [37m<-- GET /wd/hub/session/35948580-1135-4657-a646-cf7e3dbf2619/screenshot [39m[32m200[39m [90m720 ms - 209752[39m
[35m[HTTP][39m [90m[39m
[35m[HTTP][39m [37m-->[39m [37mGET[39m [37m/wd/hub/session/35948580-1135-4657-a646-cf7e3dbf2619/window/current/size[39m
[35m[HTTP][39m [90m{}[39m
[35m[W3C][39m Driver proxy active, passing request on via HTTP proxy
[35m[JSONWP Proxy][39m Replacing sessionId 6b70859e-5978-45f1-aabb-09dbbd3c9fc8 with 35948580-1135-4657-a646-cf7e3dbf2619
[35m[HTTP][39m [37m<-- GET /wd/hub/session/35948580-1135-4657-a646-cf7e3dbf2619/window/current/size [39m[32m200[39m [90m43 ms - 100[39m
[35m[HTTP][39m [90m[39m
[35m[HTTP][39m [37m-->[39m [37mPOST[39m [37m/wd/hub/session/35948580-1135-4657-a646-cf7e3dbf2619/elements[39m
[35m[HTTP][39m [90m{"using":"xpath","value":"//hierarchy/android.widget.FrameLayout[1]/android.widget.LinearLayout[1]/android.widget.FrameLayout[1]/android.widget.LinearLayout[1]/android.widget.FrameLayout[1]/android.view.ViewGroup[1]/android.widget.FrameLayout[1]/android.widget.LinearLayout[1]/android.widget.FrameLayout[1]/android.view.ViewGroup[1]/android.widget.ScrollView[1]/android.widget.LinearLayout[1]/android.widget.TextView[1]"}[39m
[35m[HTTP][39m [37m<-- POST /wd/hub/session/35948580-1135-4657-a646-cf7e3dbf2619/elements [39m[32m200[39m [90m140 ms - 124[39m
[35m[HTTP][39m [90m[39m
[35m[HTTP][39m [37m-->[39m [37mGET[39m [37m/wd/hub/session/35948580-1135-4657-a646-cf7e3dbf2619[39m
[35m[HTTP][39m [90m{}[39m
[35m[HTTP][39m [37m<-- GET /wd/hub/session/35948580-1135-4657-a646-cf7e3dbf2619 [39m[32m200[39m [90m29 ms - 1173[39m
[35m[HTTP][39m [90m[39m
[35m[HTTP][39m [37m-->[39m [37mGET[39m [37m/wd/hub/session/35948580-1135-4657-a646-cf7e3dbf2619[39m
[35m[HTTP][39m [90m{}[39m
[35m[HTTP][39m [37m<-- GET /wd/hub/session/35948580-1135-4657-a646-cf7e3dbf2619 [39m[32m200[39m [90m33 ms - 1173[39m
[35m[HTTP][39m [90m[39m
[35m[HTTP][39m [37m-->[39m [37mGET[39m [37m/wd/hub/session/35948580-1135-4657-a646-cf7e3dbf2619[39m
[35m[HTTP][39m [90m{}[39m
[35m[HTTP][39m [37m<-- GET /wd/hub/session/35948580-1135-4657-a646-cf7e3dbf2619 [39m[32m200[39m [90m46 ms - 1173[39m
[35m[HTTP][39m [90m[39m
[35m[HTTP][39m [37m-->[39m [37mGET[39m [37m/wd/hub/session/35948580-1135-4657-a646-cf7e3dbf2619[39m
[35m[HTTP][39m [90m{}[39m
[35m[HTTP][39m [37m<-- GET /wd/hub/session/35948580-1135-4657-a646-cf7e3dbf2619 [39m[32m200[39m [90m47 ms - 1173[39m
[35m[HTTP][39m [90m[39m
[35m[HTTP][39m [37m-->[39m [37mGET[39m [37m/wd/hub/session/35948580-1135-4657-a646-cf7e3dbf2619/element/fb5f83db-c690-494d-8f1b-0740c77267c7/location[39m
[35m[HTTP][39m [90m{}[39m
[35m[W3C][39m Driver proxy active, passing request on via HTTP proxy
[35m[JSONWP Proxy][39m Replacing sessionId 6b70859e-5978-45f1-aabb-09dbbd3c9fc8 with 35948580-1135-4657-a646-cf7e3dbf2619
[35m[HTTP][39m [37m<-- GET /wd/hub/session/35948580-1135-4657-a646-cf7e3dbf2619/element/fb5f83db-c690-494d-8f1b-0740c77267c7/location [39m[32m200[39m [90m41 ms - 89[39m
[35m[HTTP][39m [90m[39m
[35m[HTTP][39m [37m-->[39m [37mPOST[39m [37m/wd/hub/session/35948580-1135-4657-a646-cf7e3dbf2619/touch/perform[39m
[35m[HTTP][39m [90m{"actions":[{"action":"tap","options":{"element":"fb5f83db-c690-494d-8f1b-0740c77267c7","x":1,"y":1}}]}[39m
[35m[UiAutomator2][39m calling get location: fb5f83db-c690-494d-8f1b-0740c77267c7
[35m[HTTP][39m [37m<-- POST /wd/hub/session/35948580-1135-4657-a646-cf7e3dbf2619/touch/perform [39m[32m200[39m [90m89 ms - 76[39m
[35m[HTTP][39m [90m[39m
[35m[HTTP][39m [37m-->[39m [37mGET[39m [37m/wd/hub/session/35948580-1135-4657-a646-cf7e3dbf2619/source[39m
[35m[HTTP][39m [90m{}[39m
[35m[W3C][39m Driver proxy active, passing request on via HTTP proxy
[35m[JSONWP Proxy][39m Replacing sessionId 6b70859e-5978-45f1-aabb-09dbbd3c9fc8 with 35948580-1135-4657-a646-cf7e3dbf2619
[35m[HTTP][39m [37m<-- GET /wd/hub/session/35948580-1135-4657-a646-cf7e3dbf2619/source [39m[32m200[39m [90m661 ms - 10550[39m
[35m[HTTP][39m [90m[39m
[35m[HTTP][39m [37m-->[39m [37mGET[39m [37m/wd/hub/session/35948580-1135-4657-a646-cf7e3dbf2619/screenshot[39m
[35m[HTTP][39m [90m{}[39m
[35m[HTTP][39m [37m<-- GET /wd/hub/session/35948580-1135-4657-a646-cf7e3dbf2619/screenshot [39m[32m200[39m [90m586 ms - 91392[39m
[35m[HTTP][39m [90m[39m
[35m[HTTP][39m [37m-->[39m [37mDELETE[39m [37m/wd/hub/session/35948580-1135-4657-a646-cf7e3dbf2619[39m
[35m[HTTP][39m [90m{}[39m
[35m[Appium][39m Removing session 35948580-1135-4657-a646-cf7e3dbf2619 from our master session list
[35m[HTTP][39m [37m<-- DELETE /wd/hub/session/35948580-1135-4657-a646-cf7e3dbf2619 [39m[32m200[39m [90m405 ms - 76[39m
[35m[HTTP][39m [90m[39m
